<?xml version="1.0" encoding="UTF-8"?>
<!-- Generated by org.testng.reporters.JUnitReportReporter -->
<testsuite skipped="0" hostname="Bohar" name="org.check.Check" tests="2" failures="0" timestamp="04 Feb 2020 10:50:41 GMT" time="0.005" errors="0">
  <testcase name="m2" time="0.002" classname="org.check.Check"/>
  <testcase name="m4" time="0.003" classname="org.check.Check"/>
</testsuite> <!-- org.check.Check -->
