<?xml version="1.0" encoding="UTF-8"?>
<!-- Generated by org.testng.reporters.JUnitReportReporter -->
<testsuite skipped="0" hostname="Bohar" name="org.test.scripts.CheckEXC" tests="2" failures="0" timestamp="28 Feb 2020 12:40:55 GMT" time="1.047" errors="0">
  <testcase name="d2" time="0.922" classname="org.test.scripts.CheckEXC"/>
  <testcase name="d3" time="0.125" classname="org.test.scripts.CheckEXC"/>
</testsuite> <!-- org.test.scripts.CheckEXC -->
