<?xml version="1.0" encoding="UTF-8"?>
<!-- Generated by org.testng.reporters.JUnitReportReporter -->
<testsuite skipped="0" hostname="Bohar" name="org.test.scripts.Check" tests="2" failures="0" timestamp="04 Feb 2020 10:44:31 GMT" time="0.011" errors="0">
  <testcase name="m4" time="0.003" classname="org.test.scripts.Check"/>
  <testcase name="m2" time="0.008" classname="org.test.scripts.Check"/>
</testsuite> <!-- org.test.scripts.Check -->
