<?xml version="1.0" encoding="UTF-8"?>
<!-- Generated by org.testng.reporters.JUnitReportReporter -->
<testsuite skipped="0" hostname="Bohar" name="testNG.BeforeSuiteTest" tests="2" failures="0" timestamp="20 Jan 2020 11:37:30 GMT" time="0.012" errors="0">
  <testcase name="method1" time="0.008" classname="testNG.BeforeSuiteTest"/>
  <testcase name="method2" time="0.004" classname="testNG.BeforeSuiteTest"/>
</testsuite> <!-- testNG.BeforeSuiteTest -->
