<?xml version="1.0" encoding="UTF-8"?>
<!-- Generated by org.testng.reporters.JUnitReportReporter -->
<testsuite skipped="0" hostname="Bohar" name="org.test.scripts.SearchClientTest" tests="1" failures="0" timestamp="02 Mar 2020 09:59:43 GMT" time="33.238" errors="0">
  <testcase name="searchClient" time="33.238" classname="org.test.scripts.SearchClientTest"/>
</testsuite> <!-- org.test.scripts.SearchClientTest -->
