<?xml version="1.0" encoding="UTF-8"?>
<!-- Generated by org.testng.reporters.JUnitReportReporter -->
<testsuite skipped="0" hostname="Bohar" name="org.check.Check2" tests="2" failures="0" timestamp="04 Feb 2020 11:09:16 GMT" time="0.011" errors="0">
  <testcase name="m2" time="0.009" classname="org.check.Check2"/>
  <testcase name="m4" time="0.002" classname="org.check.Check2"/>
</testsuite> <!-- org.check.Check2 -->
