<?xml version="1.0" encoding="UTF-8"?>
<!-- Generated by org.testng.reporters.JUnitReportReporter -->
<testsuite skipped="0" hostname="Bohar" name="org.test.scripts.Login" tests="4" failures="0" timestamp="23 Jan 2020 11:01:51 GMT" time="56.379" errors="0">
  <testcase name="validLogin" time="25.634" classname="org.test.scripts.Login"/>
  <testcase name="invalidLogin" time="10.573" classname="org.test.scripts.Login"/>
  <testcase name="changePassword" time="13.622" classname="org.test.scripts.Login"/>
  <testcase name="forgetPassword" time="6.550" classname="org.test.scripts.Login"/>
</testsuite> <!-- org.test.scripts.Login -->
