<?xml version="1.0" encoding="UTF-8"?>
<!-- Generated by org.testng.reporters.JUnitReportReporter -->
<testsuite skipped="0" hostname="Bohar" name="org.test.scripts.LoginTest" tests="2" failures="0" timestamp="02 Mar 2020 07:11:36 GMT" time="35.951" errors="0">
  <testcase name="invalidLogin" time="10.807" classname="org.test.scripts.LoginTest"/>
  <testcase name="validLogin" time="25.144" classname="org.test.scripts.LoginTest"/>
</testsuite> <!-- org.test.scripts.LoginTest -->
